Starting docker compose build - 250901_070551
Log File: /home/devops/3-tier-app/build-logs/docker_build_250901_070551.log
time="2025-09-01T07:05:51+05:30" level=warning msg="/home/devops/3-tier-app/docker-compose.yaml: the attribute `version` is obsolete, it will be ignored, please remove it to avoid potential confusion"
time="2025-09-01T07:05:51+05:30" level=warning msg="/home/devops/3-tier-app/docker-compose.override.yaml: the attribute `version` is obsolete, it will be ignored, please remove it to avoid potential confusion"
#1 [internal] load local bake definitions
#1 reading from stdin 927B done
#1 DONE 0.0s

#2 [nginx internal] load build definition from Dockerfile
#2 transferring dockerfile: 566B done
#2 DONE 0.0s

#3 [node internal] load build definition from Dockerfile
#3 transferring dockerfile: 322B done
#3 DONE 0.0s

#4 [node internal] load metadata for docker.io/library/node:alpine
#4 DONE 1.1s

#5 [node internal] load .dockerignore
#5 transferring context: 2B done
#5 DONE 0.0s

#6 [node 1/5] FROM docker.io/library/node:alpine@sha256:be4d5e92ac68483ec71440bf5934865b4b7fcb93588f17a24d411d15f0204e4f
#6 DONE 0.0s

#7 [node internal] load build context
#7 transferring context: 60.89kB 0.1s done
#7 DONE 0.1s

#8 [node 3/5] COPY package*.json ./
#8 CACHED

#9 [node 4/5] RUN npm install
#9 CACHED

#10 [node 2/5] WORKDIR /usr/src/app
#10 CACHED

#11 [node 5/5] COPY . .
#11 CACHED

#12 [node] exporting to image
#12 exporting layers done
#12 writing image sha256:18caae654eae15a9e05629ececa9e369e4146b1e79195fbd5c3b3f40c5b3c38d done
#12 naming to docker.io/library/3-tier-app-node done
#12 DONE 0.0s

#13 [node] resolving provenance for metadata file
#13 DONE 0.0s

#14 [nginx internal] load metadata for docker.io/library/nginx:alpine
#14 DONE 1.4s

#15 [nginx internal] load .dockerignore
#15 transferring context: 2B done
#15 DONE 0.0s

#6 [nginx build 1/6] FROM docker.io/library/node:alpine@sha256:be4d5e92ac68483ec71440bf5934865b4b7fcb93588f17a24d411d15f0204e4f
#6 DONE 0.0s

#16 [nginx internal] load build context
#16 transferring context: 21.48kB done
#16 ERROR: error from sender: open /home/devops/3-tier-app/data-bak: permission denied

#17 [nginx stage-1 1/3] FROM docker.io/library/nginx:alpine@sha256:42a516af16b852e33b7682d5ef8acbd5d13fe08fecadc7ed98605ba5e3b26ab8
#17 resolve docker.io/library/nginx:alpine@sha256:42a516af16b852e33b7682d5ef8acbd5d13fe08fecadc7ed98605ba5e3b26ab8 0.0s done
#17 sha256:42a516af16b852e33b7682d5ef8acbd5d13fe08fecadc7ed98605ba5e3b26ab8 10.33kB / 10.33kB done
#17 CANCELED
------
 > [nginx internal] load build context:
------
target nginx: failed to solve: error from sender: open /home/devops/3-tier-app/data-bak: permission denied

Build and startup completed successfully... - 250901_070551.
