Starting docker compose build - 250901_091145
Log File: /home/devops/3-tier-app/build-logs/docker_build_250901_091145.log
time="2025-09-01T09:11:45+05:30" level=warning msg="The \"DB_USER\" variable is not set. Defaulting to a blank string."
time="2025-09-01T09:11:45+05:30" level=warning msg="The \"DB_PASSWORD\" variable is not set. Defaulting to a blank string."
time="2025-09-01T09:11:45+05:30" level=warning msg="The \"DB_NAME\" variable is not set. Defaulting to a blank string."
#1 [internal] load local bake definitions
#1 reading from stdin 933B done
#1 DONE 0.0s

#2 [node internal] load build definition from Dockerfile
#2 transferring dockerfile: 322B done
#2 DONE 0.0s

#3 [nginx internal] load build definition from Dockerfile
#3 transferring dockerfile: 107B done
#3 DONE 0.0s

#4 [nginx internal] load metadata for docker.io/library/nginx:alpine
#4 DONE 2.4s

#5 [node internal] load metadata for docker.io/library/node:alpine
#5 DONE 2.5s

#6 [nginx internal] load .dockerignore
#6 transferring context: 2B done
#6 DONE 0.0s

#7 [nginx 1/2] FROM docker.io/library/nginx:alpine@sha256:42a516af16b852e33b7682d5ef8acbd5d13fe08fecadc7ed98605ba5e3b26ab8
#7 DONE 0.0s

#8 [nginx internal] load build context
#8 transferring context: 34B done
#8 DONE 0.0s

#9 [nginx 2/2] COPY ./default.conf /etc/nginx/conf.d/default.conf
#9 CACHED

#10 [nginx] exporting to image
#10 exporting layers done
#10 writing image sha256:9c70a4080afe2da2e74b9871dbb18e199f3a809d540ecd834db7682e78df6e9f 0.0s done
#10 naming to docker.io/library/3-tier-app-nginx done
#10 DONE 0.1s

#11 [node internal] load .dockerignore
#11 transferring context: 2B done
#11 DONE 0.0s

#12 [node 1/5] FROM docker.io/library/node:alpine@sha256:be4d5e92ac68483ec71440bf5934865b4b7fcb93588f17a24d411d15f0204e4f
#12 DONE 0.0s

#13 [nginx] resolving provenance for metadata file
#13 DONE 0.0s

#14 [node internal] load build context
#14 transferring context: 60.89kB 0.1s done
#14 DONE 0.1s

#15 [node 3/5] COPY package*.json ./
#15 CACHED

#16 [node 4/5] RUN npm install
#16 CACHED

#17 [node 2/5] WORKDIR /usr/src/app
#17 CACHED

#18 [node 5/5] COPY . .
#18 CACHED

#19 [node] exporting to image
#19 exporting layers done
#19 writing image sha256:3d5d541ae878027c0d336babab7b7a33623ce45d504c019e9602569e3aa0ad7d done
#19 naming to docker.io/library/3-tier-app-node done
#19 DONE 0.0s

#20 [node] resolving provenance for metadata file
#20 DONE 0.0s
 3-tier-app-node  Built
 3-tier-app-nginx  Built
 Network 3-tier-app_default  Creating
 Network 3-tier-app_default  Created
 Container postgres_db  Creating
 Container postgres_db  Created
 Container node_app  Creating
 Container node_app  Created
 Container nginx_proxy  Creating
 Container nginx_proxy  Created
 Container postgres_db  Starting
 Container postgres_db  Started
 Container node_app  Starting
 Container node_app  Started
 Container nginx_proxy  Starting
 Container nginx_proxy  Started
Build and startup completed successfully... - 250901_091145.
